<?xml version="1.0" encoding="UTF-8"?>
<testng-results skipped="0" failed="0" ignored="0" total="1" passed="1">
  <reporter-output>
  </reporter-output>
  <suite name="Suite" duration-ms="26019" started-at="2023-03-05T09:44:21 IST" finished-at="2023-03-05T09:44:47 IST">
    <groups>
    </groups>
    <test name="Test" duration-ms="26019" started-at="2023-03-05T09:44:21 IST" finished-at="2023-03-05T09:44:47 IST">
      <class name="Amazon.Webtesting1.LoginTest">
        <test-method status="PASS" signature="login()[pri:0, instance:Amazon.Webtesting1.LoginTest@e720b71]" name="login" duration-ms="25857" started-at="2023-03-05T09:44:22 IST" finished-at="2023-03-05T09:44:47 IST">
          <reporter-output>
          </reporter-output>
        </test-method> <!-- login -->
      </class> <!-- Amazon.Webtesting1.LoginTest -->
    </test> <!-- Test -->
  </suite> <!-- Suite -->
</testng-results>
